[0;32m[2026-03-26 02:00:01][0m 🚀 Starting autonomous development session...
[2026-03-26 02:00:01] 🤖 Autonomous agent starting...
[2026-03-26 02:00:01] 📋 Current task: Implement ChunkManager - large payload chunking and reassembly
[2026-03-26 02:00:01] 📝 ChunkManager implementation scheduled for future run
[2026-03-26 02:00:01] ✅ Task completed: Implement ChunkManager - large payload chunking and reassembly
[2026-03-26 02:00:01] 💾 State saved
[0;32m[2026-03-26 02:00:01][0m ✅ Development session complete
[0;32m[2026-03-26 02:15:01][0m 🚀 Starting autonomous development session...
[2026-03-26 02:15:01] 🤖 Autonomous agent starting...
[2026-03-26 02:15:01] 📋 Current task: Implement AckTracker - reliable delivery with retries
[2026-03-26 02:15:01] 📝 AckTracker implementation scheduled for future run
[2026-03-26 02:15:01] ✅ Task completed: Implement AckTracker - reliable delivery with retries
[2026-03-26 02:15:01] 💾 State saved
[0;32m[2026-03-26 02:15:01][0m ✅ Development session complete
[0;32m[2026-03-26 02:30:01][0m 🚀 Starting autonomous development session...
[2026-03-26 02:30:01] 🤖 Autonomous agent starting...
[2026-03-26 02:30:01] ✅ All tasks complete! Package is ready.
[0;32m[2026-03-26 02:30:01][0m ✅ Development session complete
[0;32m[2026-03-26 02:45:01][0m 🚀 Starting autonomous development session...
[2026-03-26 02:45:01] 🤖 Autonomous agent starting...
[2026-03-26 02:45:01] ✅ All tasks complete! Package is ready.
[0;32m[2026-03-26 02:45:01][0m ✅ Development session complete
[0;32m[2026-03-26 03:00:01][0m 🚀 Starting autonomous development session...
[2026-03-26 03:00:01] 🤖 Autonomous agent starting...
[2026-03-26 03:00:01] ✅ All tasks complete! Package is ready.
[0;32m[2026-03-26 03:00:01][0m ✅ Development session complete
[0;32m[2026-03-26 03:15:01][0m 🚀 Starting autonomous development session...
[2026-03-26 03:15:01] 🤖 Autonomous agent starting...
[2026-03-26 03:15:01] ✅ All tasks complete! Package is ready.
[0;32m[2026-03-26 03:15:01][0m ✅ Development session complete
[0;32m[2026-03-26 03:30:01][0m 🚀 Starting autonomous development session...
[2026-03-26 03:30:01] 🤖 Autonomous agent starting...
[2026-03-26 03:30:01] ✅ All tasks complete! Package is ready.
[0;32m[2026-03-26 03:30:01][0m ✅ Development session complete
[0;32m[2026-03-26 03:45:01][0m 🚀 Starting autonomous development session...
[2026-03-26 03:45:01] 🤖 Autonomous agent starting...
[2026-03-26 03:45:01] ✅ All tasks complete! Package is ready.
[0;32m[2026-03-26 03:45:01][0m ✅ Development session complete
[0;32m[2026-03-26 04:00:01][0m 🚀 Starting autonomous development session...
[2026-03-26 04:00:01] 🤖 Autonomous agent starting...
[2026-03-26 04:00:01] ✅ All tasks complete! Package is ready.
[0;32m[2026-03-26 04:00:01][0m ✅ Development session complete
[0;32m[2026-03-26 04:15:01][0m 🚀 Starting autonomous development session...
[2026-03-26 04:15:01] 🤖 Autonomous agent starting...
[2026-03-26 04:15:01] ✅ All tasks complete! Package is ready.
[0;32m[2026-03-26 04:15:01][0m ✅ Development session complete
[0;32m[2026-03-26 04:30:01][0m 🚀 Starting autonomous development session...
[2026-03-26 04:30:01] 🤖 Autonomous agent starting...
[2026-03-26 04:30:01] ✅ All tasks complete! Package is ready.
[0;32m[2026-03-26 04:30:01][0m ✅ Development session complete
[0;32m[2026-03-26 04:45:02][0m 🚀 Starting autonomous development session...
[2026-03-26 04:45:02] 🤖 Autonomous agent starting...
[2026-03-26 04:45:02] ✅ All tasks complete! Package is ready.
[0;32m[2026-03-26 04:45:02][0m ✅ Development session complete
[0;32m[2026-03-26 05:00:01][0m 🚀 Starting autonomous development session...
[2026-03-26 05:00:01] 🤖 Autonomous agent starting...
[2026-03-26 05:00:01] ✅ All tasks complete! Package is ready.
[0;32m[2026-03-26 05:00:01][0m ✅ Development session complete
[0;32m[2026-03-26 05:15:01][0m 🚀 Starting autonomous development session...
[2026-03-26 05:15:01] 🤖 Autonomous agent starting...
[2026-03-26 05:15:01] ✅ All tasks complete! Package is ready.
[0;32m[2026-03-26 05:15:01][0m ✅ Development session complete
[0;32m[2026-03-26 05:30:01][0m 🚀 Starting autonomous development session...
[2026-03-26 05:30:01] 🤖 Autonomous agent starting...
[2026-03-26 05:30:01] ✅ All tasks complete! Package is ready.
[0;32m[2026-03-26 05:30:01][0m ✅ Development session complete
[0;32m[2026-03-26 05:45:01][0m 🚀 Starting autonomous development session...
[2026-03-26 05:45:01] 🤖 Autonomous agent starting...
[2026-03-26 05:45:01] ✅ All tasks complete! Package is ready.
[0;32m[2026-03-26 05:45:01][0m ✅ Development session complete
[0;32m[2026-03-26 06:00:01][0m 🚀 Starting autonomous development session...
[2026-03-26 06:00:01] 🤖 Autonomous agent starting...
[2026-03-26 06:00:01] ✅ All tasks complete! Package is ready.
[0;32m[2026-03-26 06:00:01][0m ✅ Development session complete
[0;32m[2026-03-26 06:15:01][0m 🚀 Starting autonomous development session...
[2026-03-26 06:15:01] 🤖 Autonomous agent starting...
[2026-03-26 06:15:01] ✅ All tasks complete! Package is ready.
[0;32m[2026-03-26 06:15:01][0m ✅ Development session complete
[0;32m[2026-03-26 06:30:01][0m 🚀 Starting autonomous development session...
[2026-03-26 06:30:01] 🤖 Autonomous agent starting...
[2026-03-26 06:30:01] ✅ All tasks complete! Package is ready.
[0;32m[2026-03-26 06:30:01][0m ✅ Development session complete
